<?xml version="1.0" encoding="UTF-8"?>
<!-- Generated by org.testng.reporters.JUnitReportReporter -->
<testsuite hostname="DESKTOP-UV8G2N5" failures="0" tests="1" name="webstaurantStoreTestCase1.AddItemClearItemFromCart" time="29.544" errors="0" timestamp="2023-12-21T17:15:52 EST" skipped="0">
  <testcase classname="webstaurantStoreTestCase1.AddItemClearItemFromCart" name="TestScenario" time="29.544"/>
</testsuite> <!-- webstaurantStoreTestCase1.AddItemClearItemFromCart -->
