<?xml version="1.0" encoding="UTF-8"?>
<!-- Generated by org.testng.reporters.JUnitReportReporter -->
<testsuite hostname="DESKTOP-UV8G2N5" failures="0" tests="1" name="webstaurantStoreTestCase1.AddItemClearItemFromCart" time="31.947" errors="0" timestamp="2024-01-02T15:32:03 EST" skipped="0">
  <testcase classname="webstaurantStoreTestCase1.AddItemClearItemFromCart" name="TestScenario" time="31.947"/>
</testsuite> <!-- webstaurantStoreTestCase1.AddItemClearItemFromCart -->
